app/build/outputs/logs/manifest-merger-release-report.txt
-- Merging decision tree log ---
manifest
ADDED from src\main\AndroidManifest.xml:2:1-239:12
	package
		ADDED from src\main\AndroidManifest.xml:3:5-44
		INJECTED from src\main\AndroidManifest.xml
		INJECTED from src\main\AndroidManifest.xml
	android:versionName
		INJECTED from src\main\AndroidManifest.xml
		INJECTED from src\main\AndroidManifest.xml
	xmlns:android
		ADDED from src\main\AndroidManifest.xml:2:11-69
	android:versionCode
		INJECTED from src\main\AndroidManifest.xml
		INJECTED from src\main\AndroidManifest.xml
uses-permission#android.permission.INTERNET
ADDED from src\main\AndroidManifest.xml:5:5-67
MERGED from [:LiteAVSDK_Professional:] AndroidManifest.xml:12:5-67
	android:name
		ADDED from src\main\AndroidManifest.xml:5:22-64
uses-permission#android.permission.ACCESS_NETWORK_STATE
ADDED from src\main\AndroidManifest.xml:6:5-79
MERGED from [:LiteAVSDK_Professional:] AndroidManifest.xml:11:5-79
	android:name
		ADDED from src\main\AndroidManifest.xml:6:22-76
uses-permission#android.permission.ACCESS_WIFI_STATE
ADDED from src\main\AndroidManifest.xml:7:5-76
MERGED from [:LiteAVSDK_Professional:] AndroidManifest.xml:17:5-76
	android:name
		ADDED from src\main\AndroidManifest.xml:7:22-73
uses-permission#android.permission.READ_PHONE_STATE
ADDED from src\main\AndroidManifest.xml:8:5-75
	android:name
		ADDED from src\main\AndroidManifest.xml:8:22-72
uses-permission#android.permission.CALL_PHONE
ADDED from src\main\AndroidManifest.xml:9:5-69
	android:name
		ADDED from src\main\AndroidManifest.xml:9:22-66
uses-permission#android.permission.WRITE_EXTERNAL_STORAGE
ADDED from src\main\AndroidManifest.xml:10:5-81
MERGED from [:LiteAVSDK_Professional:] AndroidManifest.xml:16:5-81
	android:name
		ADDED from src\main\AndroidManifest.xml:10:22-78
uses-permission#android.permission.READ_EXTERNAL_STORAGE
ADDED from src\main\AndroidManifest.xml:11:5-80
	android:name
		ADDED from src\main\AndroidManifest.xml:11:22-77
uses-permission#android.permission.WRITE_SETTINGS
ADDED from src\main\AndroidManifest.xml:12:5-73
	android:name
		ADDED from src\main\AndroidManifest.xml:12:22-70
uses-permission#android.permission.READ_LOGS
ADDED from src\main\AndroidManifest.xml:13:5-68
	android:name
		ADDED from src\main\AndroidManifest.xml:13:22-65
uses-permission#android.permission.RECORD_AUDIO
ADDED from src\main\AndroidManifest.xml:14:5-71
MERGED from [:LiteAVSDK_Professional:] AndroidManifest.xml:14:5-71
	android:name
		ADDED from src\main\AndroidManifest.xml:14:22-68
uses-permission#android.permission.CAMERA
ADDED from src\main\AndroidManifest.xml:15:5-65
MERGED from [:LiteAVSDK_Professional:] AndroidManifest.xml:13:5-65
	android:name
		ADDED from src\main\AndroidManifest.xml:15:22-62
uses-permission#android.permission.READ_CONTACTS
ADDED from src\main\AndroidManifest.xml:16:5-72
	android:name
		ADDED from src\main\AndroidManifest.xml:16:22-69
uses-feature#android.hardware.camera
ADDED from src\main\AndroidManifest.xml:18:5-60
	android:name
		ADDED from src\main\AndroidManifest.xml:18:19-57
uses-feature#android.hardware.camera.autofocus
ADDED from src\main\AndroidManifest.xml:19:5-70
	android:name
		ADDED from src\main\AndroidManifest.xml:19:19-67
uses-permission#android.permission.ACCESS_COARSE_LOCATION
ADDED from src\main\AndroidManifest.xml:21:5-81
	android:name
		ADDED from src\main\AndroidManifest.xml:21:22-78
uses-permission#android.permission.ACCESS_FINE_LOCATION
ADDED from src\main\AndroidManifest.xml:22:5-79
	android:name
		ADDED from src\main\AndroidManifest.xml:22:22-76
uses-permission#android.permission.CHANGE_NETWORK_STATE
ADDED from src\main\AndroidManifest.xml:24:5-79
	android:name
		ADDED from src\main\AndroidManifest.xml:24:22-76
uses-permission#android.permission.GET_TASKS
ADDED from src\main\AndroidManifest.xml:25:5-68
	android:name
		ADDED from src\main\AndroidManifest.xml:25:22-65
uses-permission#android.permission.MODIFY_AUDIO_SETTINGS
ADDED from src\main\AndroidManifest.xml:26:5-80
	android:name
		ADDED from src\main\AndroidManifest.xml:26:22-77
uses-permission#android.permission.RECEIVE_BOOT_COMPLETED
ADDED from src\main\AndroidManifest.xml:27:5-81
	android:name
		ADDED from src\main\AndroidManifest.xml:27:22-78
uses-permission#android.permission.VIBRATE
ADDED from src\main\AndroidManifest.xml:28:5-66
	android:name
		ADDED from src\main\AndroidManifest.xml:28:22-63
uses-permission#android.permission.WAKE_LOCK
ADDED from src\main\AndroidManifest.xml:29:5-68
	android:name
		ADDED from src\main\AndroidManifest.xml:29:22-65
uses-permission#android.permission.SYSTEM_ALERT_WINDOW
ADDED from src\main\AndroidManifest.xml:30:5-78
	android:name
		ADDED from src\main\AndroidManifest.xml:30:22-75
uses-permission#android.permission.GET_ACCOUNTS
ADDED from src\main\AndroidManifest.xml:31:5-71
	android:name
		ADDED from src\main\AndroidManifest.xml:31:22-68
uses-permission#android.permission.USE_CREDENTIALS
ADDED from src\main\AndroidManifest.xml:32:5-74
	android:name
		ADDED from src\main\AndroidManifest.xml:32:22-71
uses-permission#android.permission.MANAGE_ACCOUNTS
ADDED from src\main\AndroidManifest.xml:33:5-74
	android:name
		ADDED from src\main\AndroidManifest.xml:33:22-71
uses-permission#android.permission.BLUETOOTH
ADDED from src\main\AndroidManifest.xml:34:5-68
	android:name
		ADDED from src\main\AndroidManifest.xml:34:22-65
application
ADDED from src\main\AndroidManifest.xml:36:5-237:19
MERGED from [com.android.support:design:23.2.1] AndroidManifest.xml:22:5-20
MERGED from [com.android.support:appcompat-v7:23.2.1] AndroidManifest.xml:25:5-20
MERGED from [com.android.support:animated-vector-drawable:23.2.1] AndroidManifest.xml:7:5-20
MERGED from [com.android.support:support-vector-drawable:23.2.1] AndroidManifest.xml:7:5-20
MERGED from [:LiteAVSDK_Professional:] AndroidManifest.xml:19:5-22:19
MERGED from [:volley-1.0.0:] AndroidManifest.xml:9:5-20
MERGED from [de.hdodenhof:circleimageview:2.2.0] AndroidManifest.xml:9:5-20
MERGED from [com.android.support:support-v4:23.2.1] AndroidManifest.xml:22:5-20
	android:label
		ADDED from src\main\AndroidManifest.xml:40:9-41
	android:supportsRtl
		ADDED from [:LiteAVSDK_Professional:] AndroidManifest.xml:21:9-35
	android:allowBackup
		ADDED from src\main\AndroidManifest.xml:38:9-35
	android:icon
		ADDED from src\main\AndroidManifest.xml:39:9-43
	android:largeHeap
		ADDED from src\main\AndroidManifest.xml:41:9-33
	android:theme
		ADDED from src\main\AndroidManifest.xml:42:9-40
	android:name
		ADDED from src\main\AndroidManifest.xml:37:9-67
activity#com.tencent.qcloud.xiaoshipin.mainui.TCSplashActivity
ADDED from src\main\AndroidManifest.xml:43:9-52:20
	android:screenOrientation
		ADDED from src\main\AndroidManifest.xml:46:13-49
	android:launchMode
		ADDED from src\main\AndroidManifest.xml:45:13-43
	android:theme
		ADDED from src\main\AndroidManifest.xml:47:13-47
	android:name
		ADDED from src\main\AndroidManifest.xml:44:13-81
intent-filter#android.intent.action.MAIN+android.intent.category.LAUNCHER
ADDED from src\main\AndroidManifest.xml:48:13-51:29
action#android.intent.action.MAIN
ADDED from src\main\AndroidManifest.xml:49:17-69
	android:name
		ADDED from src\main\AndroidManifest.xml:49:25-66
category#android.intent.category.LAUNCHER
ADDED from src\main\AndroidManifest.xml:50:17-77
	android:name
		ADDED from src\main\AndroidManifest.xml:50:27-74
service#com.tencent.qalsdk.service.QalService
ADDED from src\main\AndroidManifest.xml:55:9-58:45
	android:process
		ADDED from src\main\AndroidManifest.xml:58:13-42
	android:exported
		ADDED from src\main\AndroidManifest.xml:57:13-37
	android:name
		ADDED from src\main\AndroidManifest.xml:56:13-65
service#com.tencent.qalsdk.service.QalAssistService
ADDED from src\main\AndroidManifest.xml:60:9-63:45
	android:process
		ADDED from src\main\AndroidManifest.xml:63:13-42
	android:exported
		ADDED from src\main\AndroidManifest.xml:62:13-37
	android:name
		ADDED from src\main\AndroidManifest.xml:61:13-71
receiver#com.tencent.qalsdk.QALBroadcastReceiver
ADDED from src\main\AndroidManifest.xml:65:9-71:20
	android:exported
		ADDED from src\main\AndroidManifest.xml:67:13-37
	android:name
		ADDED from src\main\AndroidManifest.xml:66:13-67
intent-filter#com.tencent.qalsdk.broadcast.qal
ADDED from src\main\AndroidManifest.xml:68:13-70:29
action#com.tencent.qalsdk.broadcast.qal
ADDED from src\main\AndroidManifest.xml:69:17-75
	android:name
		ADDED from src\main\AndroidManifest.xml:69:25-72
receiver#com.tencent.qalsdk.core.NetConnInfoCenter
ADDED from src\main\AndroidManifest.xml:73:9-88:20
	android:process
		ADDED from src\main\AndroidManifest.xml:75:13-42
	android:name
		ADDED from src\main\AndroidManifest.xml:74:13-69
intent-filter#android.intent.action.BOOT_COMPLETED
ADDED from src\main\AndroidManifest.xml:76:13-78:29
action#android.intent.action.BOOT_COMPLETED
ADDED from src\main\AndroidManifest.xml:77:17-79
	android:name
		ADDED from src\main\AndroidManifest.xml:77:25-76
intent-filter#android.net.conn.CONNECTIVITY_CHANGE
ADDED from src\main\AndroidManifest.xml:79:13-81:29
action#android.net.conn.CONNECTIVITY_CHANGE
ADDED from src\main\AndroidManifest.xml:80:17-79
	android:name
		ADDED from src\main\AndroidManifest.xml:80:25-76
intent-filter#android.intent.action.TIME_SET
ADDED from src\main\AndroidManifest.xml:82:13-84:29
action#android.intent.action.TIME_SET
ADDED from src\main\AndroidManifest.xml:83:17-73
	android:name
		ADDED from src\main\AndroidManifest.xml:83:25-70
intent-filter#android.intent.action.TIMEZONE_CHANGED
ADDED from src\main\AndroidManifest.xml:85:13-87:29
action#android.intent.action.TIMEZONE_CHANGED
ADDED from src\main\AndroidManifest.xml:86:17-81
	android:name
		ADDED from src\main\AndroidManifest.xml:86:25-78
activity#com.tencent.qcloud.xiaoshipin.login.TCLoginActivity
ADDED from src\main\AndroidManifest.xml:90:9-93:49
	android:screenOrientation
		ADDED from src\main\AndroidManifest.xml:92:13-49
	android:theme
		ADDED from src\main\AndroidManifest.xml:93:13-46
	android:name
		ADDED from src\main\AndroidManifest.xml:91:13-79
activity#com.tencent.qcloud.xiaoshipin.login.TCRegisterActivity
ADDED from src\main\AndroidManifest.xml:94:9-97:52
	android:screenOrientation
		ADDED from src\main\AndroidManifest.xml:96:13-49
	android:theme
		ADDED from src\main\AndroidManifest.xml:97:13-49
	android:name
		ADDED from src\main\AndroidManifest.xml:95:13-82
activity#com.tencent.qcloud.xiaoshipin.mainui.TCMainActivity
ADDED from src\main\AndroidManifest.xml:98:9-101:52
	android:screenOrientation
		ADDED from src\main\AndroidManifest.xml:101:13-49
	android:launchMode
		ADDED from src\main\AndroidManifest.xml:100:13-44
	android:name
		ADDED from src\main\AndroidManifest.xml:99:13-79
activity#com.tencent.qcloud.xiaoshipin.play.TCVodPlayerActivity
ADDED from src\main\AndroidManifest.xml:103:9-106:59
	android:screenOrientation
		ADDED from src\main\AndroidManifest.xml:105:13-49
	android:windowSoftInputMode
		ADDED from src\main\AndroidManifest.xml:106:13-56
	android:name
		ADDED from src\main\AndroidManifest.xml:104:13-82
activity#com.tencent.qcloud.xiaoshipin.videorecord.TCVideoRecordActivity
ADDED from src\main\AndroidManifest.xml:107:9-110:59
	android:screenOrientation
		ADDED from src\main\AndroidManifest.xml:109:13-49
	android:windowSoftInputMode
		ADDED from src\main\AndroidManifest.xml:110:13-56
	android:name
		ADDED from src\main\AndroidManifest.xml:108:13-91
activity#com.tencent.qcloud.xiaoshipin.videopublish.TCVideoPublisherActivity
ADDED from src\main\AndroidManifest.xml:111:9-114:59
	android:screenOrientation
		ADDED from src\main\AndroidManifest.xml:113:13-49
	android:windowSoftInputMode
		ADDED from src\main\AndroidManifest.xml:114:13-56
	android:name
		ADDED from src\main\AndroidManifest.xml:112:13-66
activity#com.tencent.rtmp.video.TXScreenCapture$TXScreenCaptureAssistantActivity
ADDED from src\main\AndroidManifest.xml:115:9-117:64
	android:theme
		ADDED from src\main\AndroidManifest.xml:117:13-61
	android:name
		ADDED from src\main\AndroidManifest.xml:116:13-99
activity#com.tencent.qcloud.xiaoshipin.WBShareActivity
ADDED from src\main\AndroidManifest.xml:121:9-129:20
	android:screenOrientation
		ADDED from src\main\AndroidManifest.xml:124:13-49
	android:configChanges
		ADDED from src\main\AndroidManifest.xml:123:13-63
	android:name
		ADDED from src\main\AndroidManifest.xml:122:13-73
intent-filter#android.intent.category.DEFAULT+com.sina.weibo.sdk.action.ACTION_SDK_REQ_ACTIVITY
ADDED from src\main\AndroidManifest.xml:125:13-128:29
action#com.sina.weibo.sdk.action.ACTION_SDK_REQ_ACTIVITY
ADDED from src\main\AndroidManifest.xml:126:17-92
	android:name
		ADDED from src\main\AndroidManifest.xml:126:25-89
category#android.intent.category.DEFAULT
ADDED from src\main\AndroidManifest.xml:127:17-76
	android:name
		ADDED from src\main\AndroidManifest.xml:127:27-73
activity#com.sina.weibo.sdk.component.WeiboSdkBrowser
ADDED from src\main\AndroidManifest.xml:130:9-134:67
	android:exported
		ADDED from src\main\AndroidManifest.xml:133:13-37
	android:windowSoftInputMode
		ADDED from src\main\AndroidManifest.xml:134:13-55
	android:configChanges
		ADDED from src\main\AndroidManifest.xml:132:13-63
	android:name
		ADDED from src\main\AndroidManifest.xml:131:13-72
activity#com.tencent.qcloud.xiaoshipin.wxapi.WXEntryActivity
ADDED from src\main\AndroidManifest.xml:137:9-142:75
	android:screenOrientation
		ADDED from src\main\AndroidManifest.xml:141:13-49
	android:exported
		ADDED from src\main\AndroidManifest.xml:140:13-36
	android:configChanges
		ADDED from src\main\AndroidManifest.xml:139:13-74
	android:theme
		ADDED from src\main\AndroidManifest.xml:142:13-72
	android:name
		ADDED from src\main\AndroidManifest.xml:138:13-79
activity#com.umeng.qq.tencent.AuthActivity
ADDED from src\main\AndroidManifest.xml:145:9-157:20
	android:launchMode
		ADDED from src\main\AndroidManifest.xml:147:13-44
	android:noHistory
		ADDED from src\main\AndroidManifest.xml:148:13-37
	android:name
		ADDED from src\main\AndroidManifest.xml:146:13-61
intent-filter#android.intent.action.VIEW+android.intent.category.BROWSABLE+android.intent.category.DEFAULT
ADDED from src\main\AndroidManifest.xml:149:13-156:29
action#android.intent.action.VIEW
ADDED from src\main\AndroidManifest.xml:150:17-69
	android:name
		ADDED from src\main\AndroidManifest.xml:150:25-66
category#android.intent.category.BROWSABLE
ADDED from src\main\AndroidManifest.xml:153:17-78
	android:name
		ADDED from src\main\AndroidManifest.xml:153:27-75
data
ADDED from src\main\AndroidManifest.xml:155:17-59
	android:scheme
		ADDED from src\main\AndroidManifest.xml:155:23-56
activity#com.umeng.qq.tencent.AssistActivity
ADDED from src\main\AndroidManifest.xml:158:9-162:75
	android:screenOrientation
		ADDED from src\main\AndroidManifest.xml:161:13-49
	android:configChanges
		ADDED from src\main\AndroidManifest.xml:160:13-74
	android:theme
		ADDED from src\main\AndroidManifest.xml:162:13-72
	android:name
		ADDED from src\main\AndroidManifest.xml:159:13-63
activity#com.tencent.qcloud.xiaoshipin.videochoose.TCPictureChooseActivity
ADDED from src\main\AndroidManifest.xml:163:9-165:52
	android:screenOrientation
		ADDED from src\main\AndroidManifest.xml:165:13-49
	android:name
		ADDED from src\main\AndroidManifest.xml:164:13-64
activity#com.tencent.qcloud.xiaoshipin.videochoose.TCVideoChooseActivity
ADDED from src\main\AndroidManifest.xml:166:9-168:52
	android:screenOrientation
		ADDED from src\main\AndroidManifest.xml:168:13-49
	android:name
		ADDED from src\main\AndroidManifest.xml:167:13-62
activity#com.tencent.qcloud.xiaoshipin.videoeditor.TCVideoPreprocessActivity
ADDED from src\main\AndroidManifest.xml:169:9-171:52
	android:screenOrientation
		ADDED from src\main\AndroidManifest.xml:171:13-49
	android:name
		ADDED from src\main\AndroidManifest.xml:170:13-66
activity#com.tencent.qcloud.xiaoshipin.videojoiner.TCPictureJoinActivity
ADDED from src\main\AndroidManifest.xml:172:9-174:52
	android:screenOrientation
		ADDED from src\main\AndroidManifest.xml:174:13-49
	android:name
		ADDED from src\main\AndroidManifest.xml:173:13-62
activity#com.tencent.qcloud.xiaoshipin.videoeditor.TCVideoCutterActivity
ADDED from src\main\AndroidManifest.xml:175:9-177:52
	android:screenOrientation
		ADDED from src\main\AndroidManifest.xml:177:13-49
	android:name
		ADDED from src\main\AndroidManifest.xml:176:13-62
activity#com.tencent.qcloud.xiaoshipin.videoeditor.bgm.BGMSelectActivity
ADDED from src\main\AndroidManifest.xml:178:9-180:52
	android:screenOrientation
		ADDED from src\main\AndroidManifest.xml:180:13-49
	android:name
		ADDED from src\main\AndroidManifest.xml:179:13-62
activity#com.tencent.qcloud.xiaoshipin.videoeditor.TCVideoEditerActivity
ADDED from src\main\AndroidManifest.xml:181:9-184:52
	android:screenOrientation
		ADDED from src\main\AndroidManifest.xml:184:13-49
	android:launchMode
		ADDED from src\main\AndroidManifest.xml:183:13-44
	android:name
		ADDED from src\main\AndroidManifest.xml:182:13-91
activity#com.tencent.qcloud.xiaoshipin.videoeditor.TCVideoEffectActivity
ADDED from src\main\AndroidManifest.xml:185:9-188:75
	android:screenOrientation
		ADDED from src\main\AndroidManifest.xml:187:13-49
	android:theme
		ADDED from src\main\AndroidManifest.xml:188:13-72
	android:name
		ADDED from src\main\AndroidManifest.xml:186:13-91
activity#com.tencent.qcloud.xiaoshipin.videojoiner.TCVideoJoinerActivity
ADDED from src\main\AndroidManifest.xml:189:9-192:75
	android:screenOrientation
		ADDED from src\main\AndroidManifest.xml:191:13-49
	android:theme
		ADDED from src\main\AndroidManifest.xml:192:13-72
	android:name
		ADDED from src\main\AndroidManifest.xml:190:13-91
activity#com.tencent.qcloud.xiaoshipin.userinfo.TCAboutActivity
ADDED from src\main\AndroidManifest.xml:193:9-62
	android:name
		ADDED from src\main\AndroidManifest.xml:193:19-59
provider#android.support.v4.content.FileProvider
ADDED from src\main\AndroidManifest.xml:195:9-203:20
	android:authorities
		ADDED from src\main\AndroidManifest.xml:197:13-77
	android:grantUriPermissions
		ADDED from src\main\AndroidManifest.xml:199:13-47
	android:exported
		ADDED from src\main\AndroidManifest.xml:198:13-37
	android:name
		ADDED from src\main\AndroidManifest.xml:196:13-67
meta-data#android.support.FILE_PROVIDER_PATHS
ADDED from src\main\AndroidManifest.xml:200:13-202:53
	android:resource
		ADDED from src\main\AndroidManifest.xml:202:17-50
	android:name
		ADDED from src\main\AndroidManifest.xml:201:17-67
uses-library#com.google.android.maps
ADDED from src\main\AndroidManifest.xml:205:9-207:40
	android:required
		ADDED from src\main\AndroidManifest.xml:207:13-37
	android:name
		ADDED from src\main\AndroidManifest.xml:206:13-51
uses-library#android.test.runner
ADDED from src\main\AndroidManifest.xml:208:9-60
	android:name
		ADDED from src\main\AndroidManifest.xml:208:23-57
meta-data#UMENG_APPKEY
ADDED from src\main\AndroidManifest.xml:213:9-215:66
	android:value
		ADDED from src\main\AndroidManifest.xml:215:13-53
	android:name
		ADDED from src\main\AndroidManifest.xml:214:13-40
meta-data#UMENG_CHANNEL
ADDED from src\main\AndroidManifest.xml:216:9-218:47
	android:value
		ADDED from src\main\AndroidManifest.xml:218:13-34
	android:name
		ADDED from src\main\AndroidManifest.xml:217:13-41
service#com.sina.weibo.sdk.net.DownloadService
ADDED from src\main\AndroidManifest.xml:220:9-222:48
	android:exported
		ADDED from src\main\AndroidManifest.xml:222:13-37
	android:name
		ADDED from src\main\AndroidManifest.xml:221:13-66
activity#com.umeng.socialize.editorpage.ShareActivity
ADDED from src\main\AndroidManifest.xml:224:9-227:54
	android:excludeFromRecents
		ADDED from src\main\AndroidManifest.xml:226:13-46
	android:theme
		ADDED from src\main\AndroidManifest.xml:227:13-51
	android:name
		ADDED from src\main\AndroidManifest.xml:225:13-72
activity#com.tencent.qcloud.xiaoshipin.mainui.TCSettingActivity
ADDED from src\main\AndroidManifest.xml:229:9-231:52
	android:screenOrientation
		ADDED from src\main\AndroidManifest.xml:231:13-49
	android:name
		ADDED from src\main\AndroidManifest.xml:230:13-82
activity#com.tencent.qcloud.xiaoshipin.mainui.TCLanguagaSettingActivity
ADDED from src\main\AndroidManifest.xml:233:9-235:52
	android:screenOrientation
		ADDED from src\main\AndroidManifest.xml:235:13-49
	android:name
		ADDED from src\main\AndroidManifest.xml:234:13-90
uses-sdk
INJECTED from src\main\AndroidManifest.xml reason: use-sdk injection requested
MERGED from [com.android.support:design:23.2.1] AndroidManifest.xml:20:5-43
MERGED from [com.android.support:appcompat-v7:23.2.1] AndroidManifest.xml:21:5-23:78
MERGED from [com.android.support:animated-vector-drawable:23.2.1] AndroidManifest.xml:5:5-44
MERGED from [com.android.support:support-vector-drawable:23.2.1] AndroidManifest.xml:5:5-43
MERGED from [com.android.support:recyclerview-v7:23.2.1] AndroidManifest.xml:20:5-43
MERGED from [com.github.ctiao:dfm:0.4.4] AndroidManifest.xml:22:5-24:41
MERGED from [:LiteAVSDK_Professional:] AndroidManifest.xml:7:5-9:41
MERGED from [:volley-1.0.0:] AndroidManifest.xml:7:5-43
MERGED from [com.android.support:multidex:1.0.1] AndroidManifest.xml:18:5-42
MERGED from [com.facebook.fresco:fresco:0.7.0] AndroidManifest.xml:5:5-7:41
MERGED from [com.facebook.fresco:imagepipeline:0.7.0] AndroidManifest.xml:5:5-7:41
MERGED from [com.facebook.fresco:drawee:0.7.0] AndroidManifest.xml:5:5-7:41
MERGED from [com.facebook.fresco:fbcore:0.7.0] AndroidManifest.xml:5:5-7:41
MERGED from [de.hdodenhof:circleimageview:2.2.0] AndroidManifest.xml:5:5-7:41
MERGED from [com.github.castorflex.verticalviewpager:library:19.0.1] AndroidManifest.xml:3:5-72
MERGED from [com.android.support:support-v4:23.2.1] AndroidManifest.xml:20:5-43
	tools:overrideLibrary
		ADDED from [com.android.support:appcompat-v7:23.2.1] AndroidManifest.xml:23:9-75
	android:targetSdkVersion
		INJECTED from src\main\AndroidManifest.xml
		INJECTED from src\main\AndroidManifest.xml
	android:minSdkVersion
		INJECTED from src\main\AndroidManifest.xml
		INJECTED from src\main\AndroidManifest.xml
uses-permission#android.permission.MOUNT_UNMOUNT_FILESYSTEMS
ADDED from [:LiteAVSDK_Professional:] AndroidManifest.xml:15:5-84
	android:name
		ADDED from [:LiteAVSDK_Professional:] AndroidManifest.xml:15:22-81